
2018-05-28 07:41:51...installerHook: Info: custom/install/install_hooks.php not present, no custom hooks to execute
2018-05-28 07:41:51...installerHook: Info: custom/install/install_hooks.php not present, no custom hooks to execute
2018-05-28 07:41:54...Begin System Check Process *************
2018-05-28 07:41:54...XML Parsing Support Found
2018-05-28 07:41:54...MBString Support Found
2018-05-28 07:41:54...ZIP Support Found
2018-05-28 07:41:54.../custom directory and subdirectory check passed
2018-05-28 07:41:54...cache directory and subdirectory check passed
2018-05-28 07:41:56.../module  directory and subdirectory check passed
2018-05-28 07:41:56.../upload directory check passed
2018-05-28 07:41:56.../zip check passed
2018-05-28 07:41:56...PCRE version check passed
2018-05-28 07:41:56...installerHook: Info: custom/install/install_hooks.php not present, no custom hooks to execute
2018-05-28 07:41:56...php.ini location found. C:\xampp\php\php.ini
2018-05-28 07:41:56...Outputting HTML for System check
2018-05-28 07:41:56...No Errors were found *************
2018-05-28 07:41:59...installerHook: Info: custom/install/install_hooks.php not present, no custom hooks to execute
2018-05-28 07:42:08...installerHook: Info: custom/install/install_hooks.php not present, no custom hooks to execute
2018-05-28 07:42:42...Begin DB Check Process *************
2018-05-28 07:42:42...testing with mysql:mysqli
2018-05-28 07:42:42...Basic form info is valid, continuing Process.
2018-05-28 07:42:42...Testing user account...
2018-05-28 07:42:42...Connection made using  host: localhost, usr: root
2018-05-28 07:42:42...SUCCESS:: no errors detected!
2018-05-28 07:42:42...End DB Check Process *************
2018-05-28 07:42:43...installerHook: Info: custom/install/install_hooks.php not present, no custom hooks to execute
2018-05-28 07:42:43...calling handleSugarConfig()
2018-05-28 07:42:43...calling handleHtaccess()
2018-05-28 07:42:43...calling handleDbCreateDatabase()
2018-05-28 07:43:27...looping through all the Beans and create their tables
2018-05-28 07:43:27...processing table acl_actions
2018-05-28 07:43:28...creating table acl_actions
2018-05-28 07:43:28...creating Relationship Meta for ACLAction
2018-05-28 07:43:28...processing table acl_roles
2018-05-28 07:43:28...creating table acl_roles
2018-05-28 07:43:28...creating Relationship Meta for ACLRole
2018-05-28 07:43:28...processing table relationships
2018-05-28 07:43:29...creating table relationships
2018-05-28 07:43:29...creating Relationship Meta for Relationship
2018-05-28 07:43:29...processing table leads
2018-05-28 07:43:30...creating table leads
2018-05-28 07:43:30...creating Relationship Meta for Lead
2018-05-28 07:43:30...processing table cases
2018-05-28 07:43:32...creating table cases
2018-05-28 07:43:32...creating Relationship Meta for Case
2018-05-28 07:43:32...processing table bugs
2018-05-28 07:43:33...creating table bugs
2018-05-28 07:43:33...creating Relationship Meta for Bug
2018-05-28 07:43:33...processing table users
2018-05-28 07:43:34...creating table users
2018-05-28 07:43:34...creating Relationship Meta for User
2018-05-28 07:43:34...processing table campaign_log
2018-05-28 07:43:34...creating table campaign_log
2018-05-28 07:43:34...creating Relationship Meta for CampaignLog
2018-05-28 07:43:35...processing table project
2018-05-28 07:43:35...creating table project
2018-05-28 07:43:35...creating Relationship Meta for Project
2018-05-28 07:43:36...processing table project_task
2018-05-28 07:43:36...creating table project_task
2018-05-28 07:43:36...creating Relationship Meta for ProjectTask
2018-05-28 07:43:36...processing table campaigns
2018-05-28 07:43:37...creating table campaigns
2018-05-28 07:43:37...creating Relationship Meta for Campaign
2018-05-28 07:43:38...processing table prospect_lists
2018-05-28 07:43:38...creating table prospect_lists
2018-05-28 07:43:38...creating Relationship Meta for ProspectList
2018-05-28 07:43:39...processing table prospects
2018-05-28 07:43:39...creating table prospects
2018-05-28 07:43:39...creating Relationship Meta for Prospect
2018-05-28 07:43:40...processing table email_marketing
2018-05-28 07:43:41...creating table email_marketing
2018-05-28 07:43:41...creating Relationship Meta for EmailMarketing
2018-05-28 07:43:41...processing table campaign_trkrs
2018-05-28 07:43:41...creating table campaign_trkrs
2018-05-28 07:43:41...creating Relationship Meta for CampaignTracker
2018-05-28 07:43:41...processing table releases
2018-05-28 07:43:41...creating table releases
2018-05-28 07:43:41...creating Relationship Meta for Release
2018-05-28 07:43:41...processing table emailman
2018-05-28 07:43:42...creating table emailman
2018-05-28 07:43:42...creating Relationship Meta for EmailMan
2018-05-28 07:43:42...processing table schedulers
2018-05-28 07:43:42...creating table schedulers
2018-05-28 07:43:42...creating Relationship Meta for Scheduler
2018-05-28 07:43:42...processing table job_queue
2018-05-28 07:43:43...creating table job_queue
2018-05-28 07:43:43...creating Relationship Meta for SchedulersJob
2018-05-28 07:43:43...processing table contacts
2018-05-28 07:43:44...creating table contacts
2018-05-28 07:43:44...creating Relationship Meta for Contact
2018-05-28 07:43:45...processing table accounts
2018-05-28 07:43:46...creating table accounts
2018-05-28 07:43:46...creating Relationship Meta for Account
2018-05-28 07:43:46...processing table opportunities
2018-05-28 07:43:47...creating table opportunities
2018-05-28 07:43:47...creating Relationship Meta for Opportunity
2018-05-28 07:43:48...processing table email_templates
2018-05-28 07:43:48...creating table email_templates
2018-05-28 07:43:48...creating Relationship Meta for EmailTemplate
2018-05-28 07:43:49...processing table notes
2018-05-28 07:43:49...creating table notes
2018-05-28 07:43:49...creating Relationship Meta for Note
2018-05-28 07:43:50...processing table calls
2018-05-28 07:43:50...creating table calls
2018-05-28 07:43:50...creating Relationship Meta for Call
2018-05-28 07:43:50...processing table emails
2018-05-28 07:43:51...creating table emails
2018-05-28 07:43:51...creating Relationship Meta for Email
2018-05-28 07:43:52...processing table meetings
2018-05-28 07:43:53...creating table meetings
2018-05-28 07:43:53...creating Relationship Meta for Meeting
2018-05-28 07:43:53...processing table tasks
2018-05-28 07:43:54...creating table tasks
2018-05-28 07:43:54...creating Relationship Meta for Task
2018-05-28 07:43:54...processing table users
2018-05-28 07:43:54...processing table users
2018-05-28 07:43:54...processing table currencies
2018-05-28 07:43:54...creating table currencies
2018-05-28 07:43:54...creating Relationship Meta for Currency
2018-05-28 07:43:54...processing table tracker
2018-05-28 07:43:55...creating table tracker
2018-05-28 07:43:55...creating Relationship Meta for Tracker
2018-05-28 07:43:55...processing table import_maps
2018-05-28 07:43:55...creating table import_maps
2018-05-28 07:43:55...creating Relationship Meta for ImportMap
2018-05-28 07:43:55...processing table users_last_import
2018-05-28 07:43:55...creating table users_last_import
2018-05-28 07:43:55...creating Relationship Meta for UsersLastImport
2018-05-28 07:43:55...processing table config
2018-05-28 07:43:55...creating table config
2018-05-28 07:43:55...creating Relationship Meta for Administration
2018-05-28 07:43:55...processing table upgrade_history
2018-05-28 07:43:56...creating table upgrade_history
2018-05-28 07:43:56...creating Relationship Meta for UpgradeHistory
2018-05-28 07:43:56...processing table vcals
2018-05-28 07:43:56...creating table vcals
2018-05-28 07:43:56...creating Relationship Meta for vCal
2018-05-28 07:43:56...processing table alerts
2018-05-28 07:43:57...creating table alerts
2018-05-28 07:43:57...creating Relationship Meta for Alert
2018-05-28 07:43:57...processing table roles
2018-05-28 07:43:57...creating table roles
2018-05-28 07:43:57...creating Relationship Meta for Role
2018-05-28 07:43:57...processing table documents
2018-05-28 07:43:58...creating table documents
2018-05-28 07:43:58...creating Relationship Meta for Document
2018-05-28 07:43:58...processing table document_revisions
2018-05-28 07:43:59...creating table document_revisions
2018-05-28 07:43:59...creating Relationship Meta for DocumentRevision
2018-05-28 07:43:59...processing table fields_meta_data
2018-05-28 07:43:59...creating table fields_meta_data
2018-05-28 07:43:59...creating Relationship Meta for FieldsMetaData
2018-05-28 07:43:59...processing table inbound_email
2018-05-28 07:44:00...creating table inbound_email
2018-05-28 07:44:00...creating Relationship Meta for InboundEmail
2018-05-28 07:44:00...processing table saved_search
2018-05-28 07:44:00...creating table saved_search
2018-05-28 07:44:00...creating Relationship Meta for SavedSearch
2018-05-28 07:44:00...processing table user_preferences
2018-05-28 07:44:01...creating table user_preferences
2018-05-28 07:44:01...creating Relationship Meta for UserPreference
2018-05-28 07:44:01...processing table 
2018-05-28 07:44:01...processing table email_addresses
2018-05-28 07:44:01...creating table email_addresses
2018-05-28 07:44:01...creating Relationship Meta for EmailAddress
2018-05-28 07:44:01...processing table emails_text
2018-05-28 07:44:01...creating table emails_text
2018-05-28 07:44:01...creating Relationship Meta for EmailText
2018-05-28 07:44:01...processing table spots
2018-05-28 07:44:02...creating table spots
2018-05-28 07:44:02...creating Relationship Meta for Spots
2018-05-28 07:44:02...processing table aobh_businesshours
2018-05-28 07:44:02...creating table aobh_businesshours
2018-05-28 07:44:02...creating Relationship Meta for AOBH_BusinessHours
2018-05-28 07:44:02...processing table sugarfeed
2018-05-28 07:44:03...creating table sugarfeed
2018-05-28 07:44:03...creating Relationship Meta for SugarFeed
2018-05-28 07:44:03...processing table eapm
2018-05-28 07:44:04...creating table eapm
2018-05-28 07:44:04...creating Relationship Meta for EAPM
2018-05-28 07:44:04...processing table oauth_consumer
2018-05-28 07:44:04...creating table oauth_consumer
2018-05-28 07:44:04...creating Relationship Meta for OAuthKey
2018-05-28 07:44:04...processing table oauth_tokens
2018-05-28 07:44:04...creating table oauth_tokens
2018-05-28 07:44:04...creating Relationship Meta for OAuthToken
2018-05-28 07:44:05...processing table am_projecttemplates
2018-05-28 07:44:05...creating table am_projecttemplates
2018-05-28 07:44:05...creating Relationship Meta for AM_ProjectTemplates
2018-05-28 07:44:06...processing table am_tasktemplates
2018-05-28 07:44:07...creating table am_tasktemplates
2018-05-28 07:44:07...creating Relationship Meta for AM_TaskTemplates
2018-05-28 07:44:07...processing table favorites
2018-05-28 07:44:07...creating table favorites
2018-05-28 07:44:07...creating Relationship Meta for Favorites
2018-05-28 07:44:07...processing table aok_knowledge_base_categories
2018-05-28 07:44:08...creating table aok_knowledge_base_categories
2018-05-28 07:44:08...creating Relationship Meta for AOK_Knowledge_Base_Categories
2018-05-28 07:44:08...processing table aok_knowledgebase
2018-05-28 07:44:09...creating table aok_knowledgebase
2018-05-28 07:44:09...creating Relationship Meta for AOK_KnowledgeBase
2018-05-28 07:44:10...processing table reminders
2018-05-28 07:44:10...creating table reminders
2018-05-28 07:44:10...creating Relationship Meta for Reminder
2018-05-28 07:44:10...processing table reminders_invitees
2018-05-28 07:44:11...creating table reminders_invitees
2018-05-28 07:44:11...creating Relationship Meta for Reminder_Invitee
2018-05-28 07:44:11...processing table fp_events
2018-05-28 07:44:12...creating table fp_events
2018-05-28 07:44:12...creating Relationship Meta for FP_events
2018-05-28 07:44:12...processing table fp_event_locations
2018-05-28 07:44:13...creating table fp_event_locations
2018-05-28 07:44:13...creating Relationship Meta for FP_Event_Locations
2018-05-28 07:44:14...processing table aod_indexevent
2018-05-28 07:44:15...creating table aod_indexevent
2018-05-28 07:44:15...creating Relationship Meta for AOD_IndexEvent
2018-05-28 07:44:15...processing table aod_index
2018-05-28 07:44:16...creating table aod_index
2018-05-28 07:44:16...creating Relationship Meta for AOD_Index
2018-05-28 07:44:16...processing table aop_case_events
2018-05-28 07:44:17...creating table aop_case_events
2018-05-28 07:44:17...creating Relationship Meta for AOP_Case_Events
2018-05-28 07:44:18...processing table aop_case_updates
2018-05-28 07:44:19...creating table aop_case_updates
2018-05-28 07:44:19...creating Relationship Meta for AOP_Case_Updates
2018-05-28 07:44:19...processing table aor_reports
2018-05-28 07:44:21...creating table aor_reports
2018-05-28 07:44:21...creating Relationship Meta for AOR_Report
2018-05-28 07:44:21...processing table aor_fields
2018-05-28 07:44:22...creating table aor_fields
2018-05-28 07:44:22...creating Relationship Meta for AOR_Field
2018-05-28 07:44:22...processing table aor_charts
2018-05-28 07:44:22...creating table aor_charts
2018-05-28 07:44:22...creating Relationship Meta for AOR_Chart
2018-05-28 07:44:22...processing table aor_conditions
2018-05-28 07:44:22...creating table aor_conditions
2018-05-28 07:44:22...creating Relationship Meta for AOR_Condition
2018-05-28 07:44:22...processing table aor_scheduled_reports
2018-05-28 07:44:23...creating table aor_scheduled_reports
2018-05-28 07:44:23...creating Relationship Meta for AOR_Scheduled_Reports
2018-05-28 07:44:23...processing table aos_contracts
2018-05-28 07:44:24...creating table aos_contracts
2018-05-28 07:44:24...creating Relationship Meta for AOS_Contracts
2018-05-28 07:44:25...processing table aos_invoices
2018-05-28 07:44:25...creating table aos_invoices
2018-05-28 07:44:25...creating Relationship Meta for AOS_Invoices
2018-05-28 07:44:25...processing table aos_pdf_templates
2018-05-28 07:44:26...creating table aos_pdf_templates
2018-05-28 07:44:26...creating Relationship Meta for AOS_PDF_Templates
2018-05-28 07:44:26...processing table aos_product_categories
2018-05-28 07:44:27...creating table aos_product_categories
2018-05-28 07:44:27...creating Relationship Meta for AOS_Product_Categories
2018-05-28 07:44:27...processing table aos_products
2018-05-28 07:44:28...creating table aos_products
2018-05-28 07:44:28...creating Relationship Meta for AOS_Products
2018-05-28 07:44:29...processing table aos_products_quotes
2018-05-28 07:44:29...creating table aos_products_quotes
2018-05-28 07:44:29...creating Relationship Meta for AOS_Products_Quotes
2018-05-28 07:44:29...processing table aos_line_item_groups
2018-05-28 07:44:30...creating table aos_line_item_groups
2018-05-28 07:44:30...creating Relationship Meta for AOS_Line_Item_Groups
2018-05-28 07:44:30...processing table aos_quotes
2018-05-28 07:44:32...creating table aos_quotes
2018-05-28 07:44:32...creating Relationship Meta for AOS_Quotes
2018-05-28 07:44:32...processing table aow_actions
2018-05-28 07:44:32...creating table aow_actions
2018-05-28 07:44:32...creating Relationship Meta for AOW_Action
2018-05-28 07:44:32...processing table aow_workflow
2018-05-28 07:44:33...creating table aow_workflow
2018-05-28 07:44:33...creating Relationship Meta for AOW_WorkFlow
2018-05-28 07:44:33...processing table aow_processed
2018-05-28 07:44:34...creating table aow_processed
2018-05-28 07:44:34...creating Relationship Meta for AOW_Processed
2018-05-28 07:44:34...processing table aow_conditions
2018-05-28 07:44:34...creating table aow_conditions
2018-05-28 07:44:34...creating Relationship Meta for AOW_Condition
2018-05-28 07:44:34...processing table jjwg_maps
2018-05-28 07:44:36...creating table jjwg_maps
2018-05-28 07:44:36...creating Relationship Meta for jjwg_Maps
2018-05-28 07:44:36...processing table jjwg_markers
2018-05-28 07:44:37...creating table jjwg_markers
2018-05-28 07:44:37...creating Relationship Meta for jjwg_Markers
2018-05-28 07:44:37...processing table jjwg_areas
2018-05-28 07:44:38...creating table jjwg_areas
2018-05-28 07:44:38...creating Relationship Meta for jjwg_Areas
2018-05-28 07:44:38...processing table jjwg_address_cache
2018-05-28 07:44:39...creating table jjwg_address_cache
2018-05-28 07:44:39...creating Relationship Meta for jjwg_Address_Cache
2018-05-28 07:44:40...processing table calls_reschedule
2018-05-28 07:44:41...creating table calls_reschedule
2018-05-28 07:44:41...creating Relationship Meta for Calls_Reschedule
2018-05-28 07:44:41...processing table securitygroups
2018-05-28 07:44:42...creating table securitygroups
2018-05-28 07:44:42...creating Relationship Meta for SecurityGroup
2018-05-28 07:44:42...processing table outbound_email
2018-05-28 07:44:43...creating table outbound_email
2018-05-28 07:44:43...creating Relationship Meta for OutboundEmailAccounts
2018-05-28 07:44:44...processing table templatesectionline
2018-05-28 07:44:44...creating table templatesectionline
2018-05-28 07:44:44...creating Relationship Meta for TemplateSectionLine
2018-05-28 07:44:44...processing table oauth2tokens
2018-05-28 07:44:44...creating table oauth2tokens
2018-05-28 07:44:44...creating Relationship Meta for OAuth2Tokens
2018-05-28 07:44:45...processing table oauth2clients
2018-05-28 07:44:45...creating table oauth2clients
2018-05-28 07:44:45...creating Relationship Meta for OAuth2Clients
2018-05-28 07:44:45...processing table surveyresponses
2018-05-28 07:44:46...creating table surveyresponses
2018-05-28 07:44:46...creating Relationship Meta for SurveyResponses
2018-05-28 07:44:46...processing table surveys
2018-05-28 07:44:47...creating table surveys
2018-05-28 07:44:47...creating Relationship Meta for Surveys
2018-05-28 07:44:47...processing table surveyquestionresponses
2018-05-28 07:44:48...creating table surveyquestionresponses
2018-05-28 07:44:48...creating Relationship Meta for SurveyQuestionResponses
2018-05-28 07:44:48...processing table surveyquestions
2018-05-28 07:44:50...creating table surveyquestions
2018-05-28 07:44:50...creating Relationship Meta for SurveyQuestions
2018-05-28 07:44:50...processing table surveyquestionoptions
2018-05-28 07:44:51...creating table surveyquestionoptions
2018-05-28 07:44:51...creating Relationship Meta for SurveyQuestionOptions
2018-05-28 07:45:21...Begin creating Defaults
2018-05-28 07:45:21...insert defaults into config table
2018-05-28 07:45:22...Creating default users
2018-05-28 07:45:22...Creating default scheduler jobs
2018-05-28 07:45:23...Enable SugarFeeds
2018-05-28 07:45:23...Installation has completed *********
2018-05-28 07:46:05...populating the db with seed data
2018-05-28 07:46:05...Save configuration settings..
2018-05-28 07:46:05...save locale
2018-05-28 07:46:05...new Administration
2018-05-28 07:46:05...retrieveSettings
2018-05-28 07:46:05...AdminWizard OFF
2018-05-28 07:46:05...saveConfig
2018-05-28 07:46:05...new Configurator
2018-05-28 07:46:05...populateFromPost
2018-05-28 07:46:05...handleOverride
2018-05-28 07:46:05...addCronAllowedUser
2018-05-28 07:46:07...saveConfig
2018-05-28 07:46:07...new Currency
2018-05-28 07:46:07...retrieve
2018-05-28 07:46:07...DBG: save currency
2018-05-28 07:46:07...Save user settings..
2018-05-28 07:46:07...DBG: SugarThemeRegistry::getDefault
2018-05-28 07:46:07...DBG: require modules/Users/Save.php